<?xml version="1.0" encoding="UTF-8"?>
<!-- Generated by org.testng.reporters.JUnitReportReporter -->
<testsuite hostname="DESKTOP-VKFFR14" failures="0" tests="1" name="SoftwareTestingAssesment.TestCases.LoginTest" time="165.967" errors="0" timestamp="10 Feb 2021 17:39:08 GMT" skipped="0">
  <testcase classname="SoftwareTestingAssesment.TestCases.LoginTest" name="loginDemoSite" time="165.967"/>
</testsuite> <!-- SoftwareTestingAssesment.TestCases.LoginTest -->
